Jan-31 17:16:57.193 [main] DEBUG nextflow.cli.Launcher - $> nextflow run /gpfs/fs7/aafc/projects/J-003396_SCAP-09-Soybean-Cluster/workspace/nextflow/rnaseq/main.nf
Jan-31 17:16:57.317 [main] DEBUG nextflow.cli.CmdRun - N E X T F L O W  ~  version 24.10.3
Jan-31 17:16:57.360 [main] DEBUG nextflow.plugin.PluginsFacade - Setting up plugin manager > mode=prod; embedded=false; plugins-dir=/home/moe001/.nextflow/plugins; core-plugins: nf-amazon@2.9.2,nf-azure@1.10.2,nf-cloudcache@0.4.2,nf-codecommit@0.2.2,nf-console@1.1.4,nf-google@1.15.3,nf-tower@1.9.3,nf-wave@1.7.4
Jan-31 17:16:57.393 [main] INFO  o.pf4j.DefaultPluginStatusProvider - Enabled plugins: []
Jan-31 17:16:57.395 [main] INFO  o.pf4j.DefaultPluginStatusProvider - Disabled plugins: []
Jan-31 17:16:57.400 [main] INFO  org.pf4j.DefaultPluginManager - PF4J version 3.12.0 in 'deployment' mode
Jan-31 17:16:57.421 [main] INFO  org.pf4j.AbstractPluginManager - No plugins
Jan-31 17:16:57.484 [main] DEBUG nextflow.config.ConfigBuilder - Found config local: /gpfs/fs7/aafc/projects/J-003396_SCAP-09-Soybean-Cluster/workspace/nextflow/rnaseq/nextflow.config
Jan-31 17:16:57.490 [main] DEBUG nextflow.config.ConfigBuilder - Parsing config file: /gpfs/fs7/aafc/projects/J-003396_SCAP-09-Soybean-Cluster/workspace/nextflow/rnaseq/nextflow.config
Jan-31 17:16:57.555 [main] DEBUG n.secret.LocalSecretsProvider - Secrets store: /home/moe001/.nextflow/secrets/store.json
Jan-31 17:16:57.562 [main] DEBUG nextflow.secret.SecretsLoader - Discovered secrets providers: [nextflow.secret.LocalSecretsProvider@522ba524] - activable => nextflow.secret.LocalSecretsProvider@522ba524
Jan-31 17:16:57.574 [main] DEBUG nextflow.config.ConfigBuilder - Applying config profile: `standard`
Jan-31 17:16:58.614 [main] DEBUG nextflow.cli.CmdRun - Applied DSL=2 by global default
Jan-31 17:16:58.647 [main] DEBUG nextflow.cli.CmdRun - Launching `/gpfs/fs7/aafc/projects/J-003396_SCAP-09-Soybean-Cluster/workspace/nextflow/rnaseq/main.nf` [serene_pike] DSL2 - revision: 8397c3d907
Jan-31 17:16:58.651 [main] DEBUG nextflow.plugin.PluginsFacade - Plugins default=[]
Jan-31 17:16:58.651 [main] DEBUG nextflow.plugin.PluginsFacade - Plugins resolved requirement=[]
Jan-31 17:16:58.745 [main] DEBUG nextflow.Session - Session UUID: 47a83347-5014-441f-86ec-7cee44afb372
Jan-31 17:16:58.746 [main] DEBUG nextflow.Session - Run name: serene_pike
Jan-31 17:16:58.747 [main] DEBUG nextflow.Session - Executor pool size: 128
Jan-31 17:16:58.763 [main] DEBUG nextflow.file.FilePorter - File porter settings maxRetries=3; maxTransfers=50; pollTimeout=null
Jan-31 17:16:58.773 [main] DEBUG nextflow.util.ThreadPoolBuilder - Creating thread pool 'FileTransfer' minSize=10; maxSize=384; workQueue=LinkedBlockingQueue[10000]; allowCoreThreadTimeout=false
Jan-31 17:16:58.808 [main] DEBUG nextflow.cli.CmdRun - 
  Version: 24.10.3 build 5933
  Created: 16-12-2024 15:34 UTC 
  System: Linux 5.15.0-126-generic
  Runtime: Groovy 4.0.23 on OpenJDK 64-Bit Server VM 11.0.1+13-LTS
  Encoding: UTF-8 (UTF-8)
  Process: 965764@inter-aafc-ubuntu2004.science.gc.ca [142.98.47.178]
  CPUs: 128 - Mem: 503.6 GB (284.8 GB) - Swap: 0 (0)
Jan-31 17:16:58.866 [main] DEBUG nextflow.Session - Work-dir: /gpfs/fs7/aafc/projects/J-003396_SCAP-09-Soybean-Cluster/workspace/nextflow/rnaseq/work [gpfs]
Jan-31 17:16:58.867 [main] DEBUG nextflow.Session - Script base path does not exist or is not a directory: /gpfs/fs7/aafc/projects/J-003396_SCAP-09-Soybean-Cluster/workspace/nextflow/rnaseq/bin
Jan-31 17:16:58.888 [main] DEBUG nextflow.executor.ExecutorFactory - Extension executors providers=[]
Jan-31 17:16:58.966 [main] DEBUG nextflow.Session - Observer factory: DefaultObserverFactory
Jan-31 17:16:59.013 [main] DEBUG nextflow.cache.CacheFactory - Using Nextflow cache factory: nextflow.cache.DefaultCacheFactory
Jan-31 17:16:59.036 [main] DEBUG nextflow.util.CustomThreadPool - Creating default thread pool > poolSize: 129; maxThreads: 1000
Jan-31 17:16:59.216 [main] DEBUG nextflow.Session - Session start
Jan-31 17:17:00.052 [main] DEBUG nextflow.script.ScriptRunner - > Launching execution
Jan-31 17:17:00.177 [main] WARN  nextflow.script.ScriptBinding - Access to undefined parameter `reads` -- Initialise it to a default value eg. `params.reads = some_value`
Jan-31 17:17:00.388 [main] DEBUG nextflow.script.ProcessConfig - Config settings `withLabel:fastqc` matches labels `fastqc` for process with name runfastqc
Jan-31 17:17:00.409 [main] DEBUG nextflow.executor.ExecutorFactory - << taskConfig executor: slurm
Jan-31 17:17:00.409 [main] DEBUG nextflow.executor.ExecutorFactory - >> processorType: 'slurm'
Jan-31 17:17:00.427 [main] DEBUG nextflow.executor.Executor - [warm up] executor > slurm
Jan-31 17:17:00.442 [main] DEBUG n.processor.TaskPollingMonitor - Creating task monitor for executor 'slurm' > capacity: 100; pollInterval: 5s; dumpInterval: 5m 
Jan-31 17:17:00.445 [main] DEBUG n.processor.TaskPollingMonitor - >>> barrier register (monitor: slurm)
Jan-31 17:17:00.450 [main] DEBUG n.executor.AbstractGridExecutor - Creating executor 'slurm' > queue-stat-interval: 1m
Jan-31 17:17:00.581 [main] DEBUG nextflow.script.ProcessConfig - Config settings `withLabel:trimmomatic` matches labels `trimmomatic` for process with name trimmomatic
Jan-31 17:17:00.584 [main] DEBUG nextflow.executor.ExecutorFactory - << taskConfig executor: slurm
Jan-31 17:17:00.584 [main] DEBUG nextflow.executor.ExecutorFactory - >> processorType: 'slurm'
Jan-31 17:17:00.604 [main] DEBUG nextflow.script.ProcessConfig - Config settings `withLabel:bbsplit` matches labels `bbsplit` for process with name bbsplit
Jan-31 17:17:00.607 [main] DEBUG nextflow.executor.ExecutorFactory - << taskConfig executor: slurm
Jan-31 17:17:00.607 [main] DEBUG nextflow.executor.ExecutorFactory - >> processorType: 'slurm'
Jan-31 17:17:00.619 [main] DEBUG nextflow.script.ProcessConfig - Config settings `withLabel:STAR` matches labels `STAR` for process with name STAR
Jan-31 17:17:00.621 [main] DEBUG nextflow.executor.ExecutorFactory - << taskConfig executor: slurm
Jan-31 17:17:00.621 [main] DEBUG nextflow.executor.ExecutorFactory - >> processorType: 'slurm'
Jan-31 17:17:00.629 [main] DEBUG nextflow.Session - Workflow process names [dsl2]: trimmomatic, runfastqc, STAR, sortmerna, bbsplit
Jan-31 17:17:00.634 [main] DEBUG nextflow.Session - Igniting dataflow network (5)
Jan-31 17:17:00.652 [main] ERROR nextflow.Channel - Missing file pattern argument
java.lang.IllegalArgumentException: Missing file pattern argument
	at nextflow.file.PathVisitor.apply(PathVisitor.groovy:72)
	at nextflow.file.PathVisitor$_applyAsync_closure1.doCall(PathVisitor.groovy:78)
	at nextflow.file.PathVisitor$_applyAsync_closure1.call(PathVisitor.groovy)
	at groovy.lang.Closure.run(Closure.java:505)
	at java.base/java.util.concurrent.CompletableFuture$UniRun.tryFire(CompletableFuture.java:783)
	at java.base/java.util.concurrent.CompletableFuture$Completion.run(CompletableFuture.java:478)
	at java.base/java.util.concurrent.ThreadPoolExecutor.runWorker(ThreadPoolExecutor.java:1128)
	at java.base/java.util.concurrent.ThreadPoolExecutor$Worker.run(ThreadPoolExecutor.java:628)
	at java.base/java.lang.Thread.run(Thread.java:834)
Jan-31 17:17:00.689 [main] DEBUG nextflow.Session - Session aborted -- Cause: Missing file pattern argument
Jan-31 17:17:00.724 [main] DEBUG nextflow.Session - 
Thread[Task monitor,5,main]
  java.base@11.0.1/jdk.internal.misc.Unsafe.park(Native Method)
  java.base@11.0.1/java.util.concurrent.locks.LockSupport.parkNanos(LockSupport.java:234)
  java.base@11.0.1/java.util.concurrent.locks.AbstractQueuedSynchronizer$ConditionObject.await(AbstractQueuedSynchronizer.java:2211)
  app//nextflow.processor.TaskPollingMonitor$_await_closure5.doCall(TaskPollingMonitor.groovy:529)
  app//nextflow.processor.TaskPollingMonitor$_await_closure5.call(TaskPollingMonitor.groovy)
  app//nextflow.extension.Bolts.withLock(Bolts.groovy:337)
  app//nextflow.extension.Bolts.withLock(Bolts.groovy)
  app//nextflow.processor.TaskPollingMonitor.await(TaskPollingMonitor.groovy:528)
  app//nextflow.processor.TaskPollingMonitor.pollLoop(TaskPollingMonitor.groovy:453)
  java.base@11.0.1/jdk.internal.reflect.NativeMethodAccessorImpl.invoke0(Native Method)
  java.base@11.0.1/jdk.internal.reflect.NativeMethodAccessorImpl.invoke(NativeMethodAccessorImpl.java:62)
  java.base@11.0.1/jdk.internal.reflect.DelegatingMethodAccessorImpl.invoke(DelegatingMethodAccessorImpl.java:43)
  java.base@11.0.1/java.lang.reflect.Method.invoke(Method.java:566)
  app//org.codehaus.groovy.reflection.CachedMethod.invoke(CachedMethod.java:343)
  app//groovy.lang.MetaMethod.doMethodInvoke(MetaMethod.java:328)
  app//groovy.lang.MetaClassImpl.doInvokeMethod(MetaClassImpl.java:1333)
  app//groovy.lang.MetaClassImpl.invokeMethod(MetaClassImpl.java:1088)
  app//groovy.lang.MetaClassImpl.invokeMethod(MetaClassImpl.java:1007)
  app//org.codehaus.groovy.runtime.InvokerHelper.invokePogoMethod(InvokerHelper.java:645)
  app//org.codehaus.groovy.runtime.InvokerHelper.invokeMethod(InvokerHelper.java:628)
  app//org.codehaus.groovy.runtime.InvokerHelper.invokeMethodSafe(InvokerHelper.java:82)
  app//nextflow.processor.TaskPollingMonitor$_start_closure2.doCall(TaskPollingMonitor.groovy:318)
  app//nextflow.processor.TaskPollingMonitor$_start_closure2.call(TaskPollingMonitor.groovy)
  app//groovy.lang.Closure.run(Closure.java:505)
  java.base@11.0.1/java.lang.Thread.run(Thread.java:834)

Thread[Signal Dispatcher,9,system]

Thread[Reference Handler,10,system]
  java.base@11.0.1/java.lang.ref.Reference.waitForReferencePendingList(Native Method)
  java.base@11.0.1/java.lang.ref.Reference.processPendingReferences(Reference.java:241)
  java.base@11.0.1/java.lang.ref.Reference$ReferenceHandler.run(Reference.java:213)

Thread[main,5,main]
  java.base@11.0.1/java.lang.Thread.dumpThreads(Native Method)
  java.base@11.0.1/java.lang.Thread.getAllStackTraces(Thread.java:1657)
  app//nextflow.util.SysHelper.dumpThreads(SysHelper.groovy:188)
  app//nextflow.Session.abort(Session.groovy:800)
  app//nextflow.Channel.handlerException(Channel.groovy:332)
  java.base@11.0.1/jdk.internal.reflect.NativeMethodAccessorImpl.invoke0(Native Method)
  java.base@11.0.1/jdk.internal.reflect.NativeMethodAccessorImpl.invoke(NativeMethodAccessorImpl.java:62)
  java.base@11.0.1/jdk.internal.reflect.DelegatingMethodAccessorImpl.invoke(DelegatingMethodAccessorImpl.java:43)
  java.base@11.0.1/java.lang.reflect.Method.invoke(Method.java:566)
  app//org.codehaus.groovy.reflection.CachedMethod.invoke(CachedMethod.java:343)
  app//groovy.lang.MetaMethod.doMethodInvoke(MetaMethod.java:328)
  app//groovy.lang.MetaClassImpl.doInvokeMethod(MetaClassImpl.java:1333)
  app//groovy.lang.MetaClassImpl.invokeMethod(MetaClassImpl.java:1088)
  app//groovy.lang.DelegatingMetaClass.invokeMethod(DelegatingMetaClass.java:258)
  app//groovy.lang.MetaClassImpl.invokeMethodClosure(MetaClassImpl.java:1017)
  app//groovy.lang.MetaClassImpl.doInvokeMethod(MetaClassImpl.java:1207)
  app//groovy.lang.MetaClassImpl.invokeMethod(MetaClassImpl.java:1088)
  app//groovy.lang.MetaClassImpl.invokeMethod(MetaClassImpl.java:1007)
  app//groovy.lang.Closure.call(Closure.java:433)
  app//org.codehaus.groovy.runtime.ConvertedClosure.invokeCustom(ConvertedClosure.java:52)
  app//org.codehaus.groovy.runtime.ConversionHandler.invoke(ConversionHandler.java:113)
  com.sun.proxy.$Proxy29.apply(Unknown Source)
  java.base@11.0.1/java.util.concurrent.CompletableFuture.uniExceptionally(CompletableFuture.java:986)
  java.base@11.0.1/java.util.concurrent.CompletableFuture.uniExceptionallyStage(CompletableFuture.java:1004)
  java.base@11.0.1/java.util.concurrent.CompletableFuture.exceptionally(CompletableFuture.java:2307)
  app//nextflow.Channel.pumpFilePairs0(Channel.groovy:555)
  app//nextflow.Channel.access$1(Channel.groovy)
  app//nextflow.Channel$_fromFilePairs0_closure10.doCall(Channel.groovy:499)
  app//nextflow.Channel$_fromFilePairs0_closure10.call(Channel.groovy)
  app//nextflow.Session.callIgniters(Session.groovy:528)
  app//nextflow.Session.fireDataflowNetwork(Session.groovy:520)
  app//nextflow.script.ScriptRunner.run(ScriptRunner.groovy:247)
  app//nextflow.script.ScriptRunner.execute(ScriptRunner.groovy:138)
  app//nextflow.cli.CmdRun.run(CmdRun.groovy:376)
  app//nextflow.cli.Launcher.run(Launcher.groovy:503)
  app//nextflow.cli.Launcher.main(Launcher.groovy:658)

Thread[PathVisitor-1,5,main]
  java.base@11.0.1/jdk.internal.misc.Unsafe.park(Native Method)
  java.base@11.0.1/java.util.concurrent.locks.LockSupport.parkNanos(LockSupport.java:234)
  java.base@11.0.1/java.util.concurrent.SynchronousQueue$TransferStack.awaitFulfill(SynchronousQueue.java:462)
  java.base@11.0.1/java.util.concurrent.SynchronousQueue$TransferStack.transfer(SynchronousQueue.java:361)
  java.base@11.0.1/java.util.concurrent.SynchronousQueue.poll(SynchronousQueue.java:937)
  java.base@11.0.1/java.util.concurrent.ThreadPoolExecutor.getTask(ThreadPoolExecutor.java:1053)
  java.base@11.0.1/java.util.concurrent.ThreadPoolExecutor.runWorker(ThreadPoolExecutor.java:1114)
  java.base@11.0.1/java.util.concurrent.ThreadPoolExecutor$Worker.run(ThreadPoolExecutor.java:628)
  java.base@11.0.1/java.lang.Thread.run(Thread.java:834)

Thread[AnsiLogObserver,5,main]
  java.base@11.0.1/java.lang.Object.wait(Native Method)
  app//nextflow.trace.AnsiLogObserver.render0(AnsiLogObserver.groovy:185)
  java.base@11.0.1/jdk.internal.reflect.NativeMethodAccessorImpl.invoke0(Native Method)
  java.base@11.0.1/jdk.internal.reflect.NativeMethodAccessorImpl.invoke(NativeMethodAccessorImpl.java:62)
  java.base@11.0.1/jdk.internal.reflect.DelegatingMethodAccessorImpl.invoke(DelegatingMethodAccessorImpl.java:43)
  java.base@11.0.1/java.lang.reflect.Method.invoke(Method.java:566)
  app//org.codehaus.groovy.reflection.CachedMethod.invoke(CachedMethod.java:343)
  app//groovy.lang.MetaMethod.doMethodInvoke(MetaMethod.java:328)
  app//groovy.lang.MetaClassImpl.doInvokeMethod(MetaClassImpl.java:1333)
  app//groovy.lang.MetaClassImpl.invokeMethod(MetaClassImpl.java:1088)
  app//groovy.lang.MetaClassImpl.invokeMethodClosure(MetaClassImpl.java:1017)
  app//groovy.lang.MetaClassImpl.doInvokeMethod(MetaClassImpl.java:1207)
  app//groovy.lang.MetaClassImpl.invokeMethod(MetaClassImpl.java:1088)
  app//groovy.lang.MetaClassImpl.invokeMethod(MetaClassImpl.java:1007)
  app//groovy.lang.Closure.call(Closure.java:433)
  app//groovy.lang.Closure.call(Closure.java:412)
  app//groovy.lang.Closure.run(Closure.java:505)
  java.base@11.0.1/java.lang.Thread.run(Thread.java:834)

Thread[Thread-1,5,main]
  java.base@11.0.1/jdk.internal.misc.Unsafe.park(Native Method)
  java.base@11.0.1/java.util.concurrent.locks.LockSupport.parkNanos(LockSupport.java:234)
  java.base@11.0.1/java.util.concurrent.locks.AbstractQueuedSynchronizer$ConditionObject.awaitNanos(AbstractQueuedSynchronizer.java:2123)
  java.base@11.0.1/java.util.concurrent.LinkedBlockingDeque.pollFirst(LinkedBlockingDeque.java:513)
  java.base@11.0.1/java.util.concurrent.LinkedBlockingDeque.poll(LinkedBlockingDeque.java:675)
  app//nextflow.util.SimpleAgent.run(SimpleAgent.groovy:89)
  java.base@11.0.1/jdk.internal.reflect.NativeMethodAccessorImpl.invoke0(Native Method)
  java.base@11.0.1/jdk.internal.reflect.NativeMethodAccessorImpl.invoke(NativeMethodAccessorImpl.java:62)
  java.base@11.0.1/jdk.internal.reflect.DelegatingMethodAccessorImpl.invoke(DelegatingMethodAccessorImpl.java:43)
  java.base@11.0.1/java.lang.reflect.Method.invoke(Method.java:566)
  app//org.codehaus.groovy.reflection.CachedMethod.invoke(CachedMethod.java:343)
  app//groovy.lang.MetaMethod.doMethodInvoke(MetaMethod.java:328)
  app//groovy.lang.MetaClassImpl.doInvokeMethod(MetaClassImpl.java:1333)
  app//groovy.lang.MetaClassImpl.invokeMethod(MetaClassImpl.java:1088)
  app//groovy.lang.MetaClassImpl.invokeMethodClosure(MetaClassImpl.java:1017)
  app//groovy.lang.MetaClassImpl.doInvokeMethod(MetaClassImpl.java:1207)
  app//groovy.lang.MetaClassImpl.invokeMethod(MetaClassImpl.java:1088)
  app//groovy.lang.MetaClassImpl.invokeMethod(MetaClassImpl.java:1007)
  app//groovy.lang.Closure.call(Closure.java:433)
  app//groovy.lang.Closure.call(Closure.java:412)
  app//groovy.lang.Closure.run(Closure.java:505)
  java.base@11.0.1/java.lang.Thread.run(Thread.java:834)

Thread[Finalizer,8,system]
  java.base@11.0.1/java.lang.Object.wait(Native Method)
  java.base@11.0.1/java.lang.ref.ReferenceQueue.remove(ReferenceQueue.java:155)
  java.base@11.0.1/java.lang.ref.ReferenceQueue.remove(ReferenceQueue.java:176)
  java.base@11.0.1/java.lang.ref.Finalizer$FinalizerThread.run(Finalizer.java:170)

Thread[Common-Cleaner,8,InnocuousThreadGroup]
  java.base@11.0.1/java.lang.Object.wait(Native Method)
  java.base@11.0.1/java.lang.ref.ReferenceQueue.remove(ReferenceQueue.java:155)
  java.base@11.0.1/jdk.internal.ref.CleanerImpl.run(CleanerImpl.java:148)
  java.base@11.0.1/java.lang.Thread.run(Thread.java:834)
  java.base@11.0.1/jdk.internal.misc.InnocuousThread.run(InnocuousThread.java:134)

Thread[process reaper,10,system]
  java.base@11.0.1/jdk.internal.misc.Unsafe.park(Native Method)
  java.base@11.0.1/java.util.concurrent.locks.LockSupport.parkNanos(LockSupport.java:234)
  java.base@11.0.1/java.util.concurrent.SynchronousQueue$TransferStack.awaitFulfill(SynchronousQueue.java:462)
  java.base@11.0.1/java.util.concurrent.SynchronousQueue$TransferStack.transfer(SynchronousQueue.java:361)
  java.base@11.0.1/java.util.concurrent.SynchronousQueue.poll(SynchronousQueue.java:937)
  java.base@11.0.1/java.util.concurrent.ThreadPoolExecutor.getTask(ThreadPoolExecutor.java:1053)
  java.base@11.0.1/java.util.concurrent.ThreadPoolExecutor.runWorker(ThreadPoolExecutor.java:1114)
  java.base@11.0.1/java.util.concurrent.ThreadPoolExecutor$Worker.run(ThreadPoolExecutor.java:628)
  java.base@11.0.1/java.lang.Thread.run(Thread.java:834)

Thread[Actor Thread 2,5,main]
  java.base@11.0.1/jdk.internal.misc.Unsafe.park(Native Method)
  java.base@11.0.1/java.util.concurrent.locks.LockSupport.park(LockSupport.java:194)
  java.base@11.0.1/java.util.concurrent.SynchronousQueue$TransferStack.awaitFulfill(SynchronousQueue.java:460)
  java.base@11.0.1/java.util.concurrent.SynchronousQueue$TransferStack.transfer(SynchronousQueue.java:361)
  java.base@11.0.1/java.util.concurrent.SynchronousQueue.take(SynchronousQueue.java:920)
  java.base@11.0.1/java.util.concurrent.ThreadPoolExecutor.getTask(ThreadPoolExecutor.java:1054)
  java.base@11.0.1/java.util.concurrent.ThreadPoolExecutor.runWorker(ThreadPoolExecutor.java:1114)
  java.base@11.0.1/java.util.concurrent.ThreadPoolExecutor$Worker.run(ThreadPoolExecutor.java:628)
  java.base@11.0.1/java.lang.Thread.run(Thread.java:834)

Thread[Actor Thread 1,5,main]
  java.base@11.0.1/jdk.internal.misc.Unsafe.park(Native Method)
  java.base@11.0.1/java.util.concurrent.locks.LockSupport.park(LockSupport.java:194)
  java.base@11.0.1/java.util.concurrent.SynchronousQueue$TransferStack.awaitFulfill(SynchronousQueue.java:460)
  java.base@11.0.1/java.util.concurrent.SynchronousQueue$TransferStack.transfer(SynchronousQueue.java:361)
  java.base@11.0.1/java.util.concurrent.SynchronousQueue.take(SynchronousQueue.java:920)
  java.base@11.0.1/java.util.concurrent.ThreadPoolExecutor.getTask(ThreadPoolExecutor.java:1054)
  java.base@11.0.1/java.util.concurrent.ThreadPoolExecutor.runWorker(ThreadPoolExecutor.java:1114)
  java.base@11.0.1/java.util.concurrent.ThreadPoolExecutor$Worker.run(ThreadPoolExecutor.java:628)
  java.base@11.0.1/java.lang.Thread.run(Thread.java:834)

Thread[Task submitter,5,main]
  java.base@11.0.1/jdk.internal.misc.Unsafe.park(Native Method)
  java.base@11.0.1/java.util.concurrent.locks.LockSupport.park(LockSupport.java:194)
  java.base@11.0.1/java.util.concurrent.locks.AbstractQueuedSynchronizer$ConditionObject.await(AbstractQueuedSynchronizer.java:2081)
  app//nextflow.processor.TaskPollingMonitor.awaitTasks(TaskPollingMonitor.groovy:388)
  app//nextflow.processor.TaskPollingMonitor.submitLoop(TaskPollingMonitor.groovy:412)
  java.base@11.0.1/jdk.internal.reflect.NativeMethodAccessorImpl.invoke0(Native Method)
  java.base@11.0.1/jdk.internal.reflect.NativeMethodAccessorImpl.invoke(NativeMethodAccessorImpl.java:62)
  java.base@11.0.1/jdk.internal.reflect.DelegatingMethodAccessorImpl.invoke(DelegatingMethodAccessorImpl.java:43)
  java.base@11.0.1/java.lang.reflect.Method.invoke(Method.java:566)
  app//org.codehaus.groovy.reflection.CachedMethod.invoke(CachedMethod.java:343)
  app//groovy.lang.MetaMethod.doMethodInvoke(MetaMethod.java:328)
  app//groovy.lang.MetaClassImpl.doInvokeMethod(MetaClassImpl.java:1333)
  app//groovy.lang.MetaClassImpl.invokeMethod(MetaClassImpl.java:1088)
  app//groovy.lang.MetaClassImpl.invokeMethodClosure(MetaClassImpl.java:1017)
  app//groovy.lang.MetaClassImpl.doInvokeMethod(MetaClassImpl.java:1207)
  app//groovy.lang.MetaClassImpl.invokeMethod(MetaClassImpl.java:1088)
  app//groovy.lang.MetaClassImpl.invokeMethod(MetaClassImpl.java:1007)
  app//groovy.lang.Closure.call(Closure.java:433)
  app//groovy.lang.Closure.call(Closure.java:412)
  app//groovy.lang.Closure.run(Closure.java:505)
  java.base@11.0.1/java.lang.Thread.run(Thread.java:834)

Jan-31 17:17:00.727 [Task monitor] DEBUG n.processor.TaskPollingMonitor - <<< barrier arrives (monitor: slurm) - terminating tasks monitor poll loop
Jan-31 17:17:00.732 [main] DEBUG nextflow.processor.TaskProcessor - Starting process > runfastqc
Jan-31 17:17:00.733 [main] DEBUG nextflow.processor.TaskProcessor - Starting process > trimmomatic
Jan-31 17:17:00.737 [main] DEBUG nextflow.processor.TaskProcessor - Starting process > bbsplit
Jan-31 17:17:00.741 [main] DEBUG nextflow.processor.TaskProcessor - Starting process > STAR
Jan-31 17:17:00.751 [main] DEBUG nextflow.script.ScriptRunner - Parsed script files:
  Script_f9a19b717f352d01: /gpfs/fs7/aafc/projects/J-003396_SCAP-09-Soybean-Cluster/workspace/nextflow/rnaseq/main.nf
  Script_58b2aeaa4358996c: /gpfs/fs7/aafc/projects/J-003396_SCAP-09-Soybean-Cluster/workspace/nextflow/rnaseq/./processes/fastqc.nf
Jan-31 17:17:00.752 [main] DEBUG nextflow.script.ScriptRunner - > Awaiting termination 
Jan-31 17:17:00.753 [main] DEBUG nextflow.Session - Session await
Jan-31 17:17:00.753 [main] DEBUG nextflow.Session - Session await > all processes finished
Jan-31 17:17:00.753 [main] DEBUG nextflow.Session - Session await > all barriers passed
Jan-31 17:17:00.789 [main] DEBUG n.trace.WorkflowStatsObserver - Workflow completed > WorkflowStats[succeededCount=0; failedCount=0; ignoredCount=0; cachedCount=0; pendingCount=0; submittedCount=0; runningCount=0; retriesCount=0; abortedCount=0; succeedDuration=0ms; failedDuration=0ms; cachedDuration=0ms;loadCpus=0; loadMemory=0; peakRunning=0; peakCpus=0; peakMemory=0; ]
Jan-31 17:17:00.907 [main] DEBUG nextflow.cache.CacheDB - Closing CacheDB done
Jan-31 17:17:00.960 [main] DEBUG nextflow.script.ScriptRunner - > Execution complete -- Goodbye
